2021-10-21 15:26:16,630 - WARNING: Error in loading license from server java.lang.Exception: no license key in AppConfig.json
2021-10-21 15:26:16,637 - WARNING: Running with 100 CCU limit
2021-10-21 15:26:17,368 - ERROR: Error in getAllZonesFromHSQLDB java.sql.SQLSyntaxErrorException: user lacks privilege or object not found: SERVICE
2021-10-21 15:26:18,299 - INFO: TCP server started
2021-10-21 15:26:18,384 - INFO: UDPServer started
2021-10-21 15:26:18,413 - INFO: started FlashPolicyServer
2021-10-21 15:27:47,156 - INFO: sending websocket handshake response
2021-10-21 15:27:48,018 - INFO: Admin Request type = 60 ApiKey= 
2021-10-21 15:27:48,750 - INFO: sending websocket handshake response
2021-10-21 15:27:50,780 - INFO: Admin Request type = 61 ApiKey= 
2021-10-21 15:27:52,792 - INFO: Admin Request type = 61 ApiKey= 
2021-10-21 15:27:54,607 - INFO: sending websocket handshake response
2021-10-21 15:27:54,615 - INFO: Admin Request type = 59 ApiKey= 
2021-10-21 15:27:54,775 - INFO: Admin Request type = 61 ApiKey= 
2021-10-21 15:27:56,790 - INFO: Admin Request type = 61 ApiKey= 
2021-10-21 15:27:59,049 - INFO: Admin Request type = 61 ApiKey= 
2021-10-21 15:28:01,044 - INFO: Admin Request type = 61 ApiKey= 
2021-10-21 15:28:03,072 - INFO: Admin Request type = 61 ApiKey= 
2021-10-21 15:28:05,047 - INFO: Admin Request type = 61 ApiKey= 
2021-10-21 15:28:06,775 - INFO: Admin Request type = 61 ApiKey= 
2021-10-21 15:28:08,785 - INFO: Admin Request type = 61 ApiKey= 
2021-10-21 15:28:10,775 - INFO: Admin Request type = 61 ApiKey= 
2021-10-21 15:28:11,772 - INFO: sending websocket handshake response
2021-10-21 15:28:11,778 - INFO: Admin Request type = 15 ApiKey= 
2021-10-21 15:28:11,798 - INFO: sending websocket handshake response
2021-10-21 15:28:11,808 - INFO: Admin Request type = 59 ApiKey= 
2021-10-21 15:28:12,773 - INFO: Admin Request type = 61 ApiKey= 
2021-10-21 15:28:14,776 - INFO: Admin Request type = 61 ApiKey= 
2021-10-21 15:28:17,043 - INFO: Admin Request type = 61 ApiKey= 
2021-10-21 15:28:19,052 - INFO: Admin Request type = 61 ApiKey= 
2021-10-21 15:28:21,042 - INFO: Admin Request type = 61 ApiKey= 
2021-10-21 15:28:23,047 - INFO: Admin Request type = 61 ApiKey= 
2021-10-21 15:28:25,053 - INFO: Admin Request type = 61 ApiKey= 
2021-10-21 15:28:27,049 - INFO: Admin Request type = 61 ApiKey= 
2021-10-21 15:28:29,044 - INFO: Admin Request type = 61 ApiKey= 
2021-10-21 15:28:31,049 - INFO: Admin Request type = 61 ApiKey= 
2021-10-21 15:28:33,050 - INFO: Admin Request type = 61 ApiKey= 
2021-10-21 15:28:35,049 - INFO: Admin Request type = 61 ApiKey= 
2021-10-21 15:28:37,048 - INFO: Admin Request type = 61 ApiKey= 
2021-10-21 15:28:39,044 - INFO: Admin Request type = 61 ApiKey= 
2021-10-21 15:28:41,052 - INFO: Admin Request type = 61 ApiKey= 
2021-10-21 15:28:43,040 - INFO: Admin Request type = 61 ApiKey= 
2021-10-21 15:28:45,050 - INFO: Admin Request type = 61 ApiKey= 
2021-10-21 15:28:47,047 - INFO: Admin Request type = 61 ApiKey= 
2021-10-21 15:28:49,051 - INFO: Admin Request type = 61 ApiKey= 
2021-10-21 15:28:51,044 - INFO: Admin Request type = 61 ApiKey= 
2021-10-21 15:28:53,045 - INFO: Admin Request type = 61 ApiKey= 
2021-10-21 15:28:55,053 - INFO: Admin Request type = 61 ApiKey= 
2021-10-21 15:28:57,043 - INFO: Admin Request type = 61 ApiKey= 
2021-10-21 15:28:59,047 - INFO: Admin Request type = 61 ApiKey= 
2021-10-21 15:29:01,041 - INFO: Admin Request type = 61 ApiKey= 
2021-10-21 15:29:03,050 - INFO: Admin Request type = 61 ApiKey= 
2021-10-21 15:29:05,054 - INFO: Admin Request type = 61 ApiKey= 
2021-10-21 15:29:07,051 - INFO: Admin Request type = 61 ApiKey= 
2021-10-21 15:29:09,053 - INFO: Admin Request type = 61 ApiKey= 
2021-10-21 15:29:11,039 - INFO: Admin Request type = 61 ApiKey= 
2021-10-21 15:29:13,045 - INFO: Admin Request type = 61 ApiKey= 
2021-10-21 15:29:15,041 - INFO: Admin Request type = 61 ApiKey= 
2021-10-21 15:29:17,060 - INFO: Admin Request type = 61 ApiKey= 
2021-10-21 15:29:19,053 - INFO: Admin Request type = 61 ApiKey= 
2021-10-21 15:29:21,042 - INFO: Admin Request type = 61 ApiKey= 
2021-10-21 15:29:23,051 - INFO: Admin Request type = 61 ApiKey= 
2021-10-21 15:29:25,043 - INFO: Admin Request type = 61 ApiKey= 
2021-10-21 15:29:26,899 - INFO: Admin Request type = 61 ApiKey= 
2021-10-21 15:29:29,047 - INFO: Admin Request type = 61 ApiKey= 
2021-10-21 15:29:31,047 - INFO: Admin Request type = 61 ApiKey= 
2021-10-21 15:29:33,042 - INFO: Admin Request type = 61 ApiKey= 
2021-10-21 15:29:35,044 - INFO: Admin Request type = 61 ApiKey= 
2021-10-21 15:29:37,051 - INFO: Admin Request type = 61 ApiKey= 
2021-10-21 15:29:39,047 - INFO: Admin Request type = 61 ApiKey= 
2021-10-21 15:29:41,051 - INFO: Admin Request type = 61 ApiKey= 
2021-10-21 15:29:43,048 - INFO: Admin Request type = 61 ApiKey= 
2021-10-21 15:29:45,044 - INFO: Admin Request type = 61 ApiKey= 
2021-10-21 15:29:47,045 - INFO: Admin Request type = 61 ApiKey= 
2021-10-21 15:29:49,043 - INFO: Admin Request type = 61 ApiKey= 
2021-10-21 15:29:51,040 - INFO: Admin Request type = 61 ApiKey= 
2021-10-21 15:29:53,048 - INFO: Admin Request type = 61 ApiKey= 
2021-10-21 15:29:55,046 - INFO: Admin Request type = 61 ApiKey= 
2021-10-21 15:29:57,044 - INFO: Admin Request type = 61 ApiKey= 
2021-10-21 15:29:59,046 - INFO: Admin Request type = 61 ApiKey= 
2021-10-21 15:30:01,048 - INFO: Admin Request type = 61 ApiKey= 
2021-10-21 15:30:03,046 - INFO: Admin Request type = 61 ApiKey= 
2021-10-21 15:30:05,038 - INFO: Admin Request type = 61 ApiKey= 
2021-10-21 15:30:07,044 - INFO: Admin Request type = 61 ApiKey= 
2021-10-21 15:30:09,049 - INFO: Admin Request type = 61 ApiKey= 
2021-10-21 15:30:11,041 - INFO: Admin Request type = 61 ApiKey= 
2021-10-21 15:30:13,064 - INFO: Admin Request type = 61 ApiKey= 
2021-10-21 15:30:15,042 - INFO: Admin Request type = 61 ApiKey= 
2021-10-21 15:30:17,041 - INFO: Admin Request type = 61 ApiKey= 
2021-10-21 15:30:19,042 - INFO: Admin Request type = 61 ApiKey= 
2021-10-21 15:30:21,050 - INFO: Admin Request type = 61 ApiKey= 
2021-10-21 15:30:23,052 - INFO: Admin Request type = 61 ApiKey= 
2021-10-21 15:30:25,046 - INFO: Admin Request type = 61 ApiKey= 
2021-10-21 15:30:27,041 - INFO: Admin Request type = 61 ApiKey= 
2021-10-21 15:30:29,054 - INFO: Admin Request type = 61 ApiKey= 
2021-10-21 15:30:31,055 - INFO: Admin Request type = 61 ApiKey= 
2021-10-21 15:30:33,045 - INFO: Admin Request type = 61 ApiKey= 
2021-10-21 15:30:35,044 - INFO: Admin Request type = 61 ApiKey= 
2021-10-21 15:30:37,045 - INFO: Admin Request type = 61 ApiKey= 
2021-10-21 15:30:39,039 - INFO: Admin Request type = 61 ApiKey= 
2021-10-21 15:30:41,050 - INFO: Admin Request type = 61 ApiKey= 
2021-10-21 15:30:43,049 - INFO: Admin Request type = 61 ApiKey= 
2021-10-21 15:30:45,050 - INFO: Admin Request type = 61 ApiKey= 
2021-10-21 15:30:47,053 - INFO: Admin Request type = 61 ApiKey= 
2021-10-21 15:30:49,053 - INFO: Admin Request type = 61 ApiKey= 
2021-10-21 15:30:51,053 - INFO: Admin Request type = 61 ApiKey= 
2021-10-21 15:30:53,054 - INFO: Admin Request type = 61 ApiKey= 
2021-10-21 15:30:55,054 - INFO: Admin Request type = 61 ApiKey= 
2021-10-21 15:30:57,053 - INFO: Admin Request type = 61 ApiKey= 
2021-10-21 15:30:59,042 - INFO: Admin Request type = 61 ApiKey= 
2021-10-21 15:31:01,037 - INFO: Admin Request type = 61 ApiKey= 
2021-10-21 15:31:03,042 - INFO: Admin Request type = 61 ApiKey= 
2021-10-21 15:31:05,045 - INFO: Admin Request type = 61 ApiKey= 
2021-10-21 15:31:07,045 - INFO: Admin Request type = 61 ApiKey= 
2021-10-21 15:31:09,044 - INFO: Admin Request type = 61 ApiKey= 
2021-10-21 15:31:11,045 - INFO: Admin Request type = 61 ApiKey= 
2021-10-21 15:31:13,040 - INFO: Admin Request type = 61 ApiKey= 
2021-10-21 15:31:15,048 - INFO: Admin Request type = 61 ApiKey= 
2021-10-21 15:31:17,042 - INFO: Admin Request type = 61 ApiKey= 
2021-10-21 15:31:19,041 - INFO: Admin Request type = 61 ApiKey= 
2021-10-21 15:31:21,037 - INFO: Admin Request type = 61 ApiKey= 
2021-10-21 15:31:23,044 - INFO: Admin Request type = 61 ApiKey= 
2021-10-21 15:31:25,042 - INFO: Admin Request type = 61 ApiKey= 
2021-10-21 15:31:27,047 - INFO: Admin Request type = 61 ApiKey= 
2021-10-21 15:31:29,045 - INFO: Admin Request type = 61 ApiKey= 
2021-10-21 15:31:31,044 - INFO: Admin Request type = 61 ApiKey= 
2021-10-21 15:31:33,042 - INFO: Admin Request type = 61 ApiKey= 
2021-10-21 15:31:35,039 - INFO: Admin Request type = 61 ApiKey= 
2021-10-21 15:31:37,041 - INFO: Admin Request type = 61 ApiKey= 
2021-10-21 15:31:39,037 - INFO: Admin Request type = 61 ApiKey= 
2021-10-21 15:31:41,051 - INFO: Admin Request type = 61 ApiKey= 
2021-10-21 15:31:43,050 - INFO: Admin Request type = 61 ApiKey= 
2021-10-21 15:31:45,046 - INFO: Admin Request type = 61 ApiKey= 
2021-10-21 15:31:47,041 - INFO: Admin Request type = 61 ApiKey= 
2021-10-21 15:31:49,042 - INFO: Admin Request type = 61 ApiKey= 
2021-10-21 15:31:51,046 - INFO: Admin Request type = 61 ApiKey= 
2021-10-21 15:31:53,058 - INFO: Admin Request type = 61 ApiKey= 
2021-10-21 15:31:55,052 - INFO: Admin Request type = 61 ApiKey= 
2021-10-21 15:31:57,058 - INFO: Admin Request type = 61 ApiKey= 
2021-10-21 15:31:59,039 - INFO: Admin Request type = 61 ApiKey= 
2021-10-21 15:32:01,046 - INFO: Admin Request type = 61 ApiKey= 
2021-10-21 15:32:03,043 - INFO: Admin Request type = 61 ApiKey= 
2021-10-21 15:32:05,047 - INFO: Admin Request type = 61 ApiKey= 
2021-10-21 15:32:07,053 - INFO: Admin Request type = 61 ApiKey= 
2021-10-21 15:32:09,042 - INFO: Admin Request type = 61 ApiKey= 
2021-10-21 15:32:11,042 - INFO: Admin Request type = 61 ApiKey= 
2021-10-21 15:32:13,041 - INFO: Admin Request type = 61 ApiKey= 
2021-10-21 15:32:15,045 - INFO: Admin Request type = 61 ApiKey= 
2021-10-21 15:32:17,042 - INFO: Admin Request type = 61 ApiKey= 
2021-10-21 15:32:19,048 - INFO: Admin Request type = 61 ApiKey= 
2021-10-21 15:32:21,046 - INFO: Admin Request type = 61 ApiKey= 
2021-10-21 15:32:23,046 - INFO: Admin Request type = 61 ApiKey= 
2021-10-21 15:32:25,046 - INFO: Admin Request type = 61 ApiKey= 
2021-10-21 15:32:27,043 - INFO: Admin Request type = 61 ApiKey= 
2021-10-21 15:32:29,050 - INFO: Admin Request type = 61 ApiKey= 
2021-10-21 15:32:31,044 - INFO: Admin Request type = 61 ApiKey= 
2021-10-21 15:32:33,051 - INFO: Admin Request type = 61 ApiKey= 
2021-10-21 15:32:35,047 - INFO: Admin Request type = 61 ApiKey= 
2021-10-21 15:32:37,055 - INFO: Admin Request type = 61 ApiKey= 
2021-10-21 15:32:39,039 - INFO: Admin Request type = 61 ApiKey= 
2021-10-21 15:32:41,045 - INFO: Admin Request type = 61 ApiKey= 
2021-10-21 15:32:43,055 - INFO: Admin Request type = 61 ApiKey= 
2021-10-21 15:32:45,049 - INFO: Admin Request type = 61 ApiKey= 
2021-10-21 15:32:47,052 - INFO: Admin Request type = 61 ApiKey= 
2021-10-21 15:32:49,041 - INFO: Admin Request type = 61 ApiKey= 
2021-10-21 15:32:51,042 - INFO: Admin Request type = 61 ApiKey= 
2021-10-21 15:32:53,038 - INFO: Admin Request type = 61 ApiKey= 
2021-10-21 15:32:55,047 - INFO: Admin Request type = 61 ApiKey= 
2021-10-21 15:32:57,045 - INFO: Admin Request type = 61 ApiKey= 
2021-10-21 15:32:59,042 - INFO: Admin Request type = 61 ApiKey= 
2021-10-21 15:33:01,052 - INFO: Admin Request type = 61 ApiKey= 
2021-10-21 15:33:03,054 - INFO: Admin Request type = 61 ApiKey= 
2021-10-21 15:33:05,053 - INFO: Admin Request type = 61 ApiKey= 
2021-10-21 15:33:07,051 - INFO: Admin Request type = 61 ApiKey= 
2021-10-21 15:33:09,049 - INFO: Admin Request type = 61 ApiKey= 
2021-10-21 15:33:11,040 - INFO: Admin Request type = 61 ApiKey= 
2021-10-21 15:33:13,052 - INFO: Admin Request type = 61 ApiKey= 
2021-10-21 15:33:15,039 - INFO: Admin Request type = 61 ApiKey= 
2021-10-21 15:33:17,053 - INFO: Admin Request type = 61 ApiKey= 
2021-10-21 15:33:19,043 - INFO: Admin Request type = 61 ApiKey= 
2021-10-21 15:33:21,054 - INFO: Admin Request type = 61 ApiKey= 
2021-10-21 15:33:23,053 - INFO: Admin Request type = 61 ApiKey= 
2021-10-21 15:33:25,048 - INFO: Admin Request type = 61 ApiKey= 
2021-10-21 15:33:27,053 - INFO: Admin Request type = 61 ApiKey= 
2021-10-21 15:33:29,051 - INFO: Admin Request type = 61 ApiKey= 
2021-10-21 15:33:31,052 - INFO: Admin Request type = 61 ApiKey= 
2021-10-21 15:33:33,043 - INFO: Admin Request type = 61 ApiKey= 
2021-10-21 15:33:35,041 - INFO: Admin Request type = 61 ApiKey= 
2021-10-21 15:33:37,056 - INFO: Admin Request type = 61 ApiKey= 
2021-10-21 15:33:39,053 - INFO: Admin Request type = 61 ApiKey= 
2021-10-21 15:33:41,055 - INFO: Admin Request type = 61 ApiKey= 
2021-10-21 15:33:43,049 - INFO: Admin Request type = 61 ApiKey= 
2021-10-21 15:33:45,041 - INFO: Admin Request type = 61 ApiKey= 
2021-10-21 15:33:47,044 - INFO: Admin Request type = 61 ApiKey= 
2021-10-21 15:33:49,037 - INFO: Admin Request type = 61 ApiKey= 
2021-10-21 15:33:51,045 - INFO: Admin Request type = 61 ApiKey= 
2021-10-21 15:33:53,046 - INFO: Admin Request type = 61 ApiKey= 
2021-10-21 15:33:55,037 - INFO: Admin Request type = 61 ApiKey= 
2021-10-21 15:33:57,046 - INFO: Admin Request type = 61 ApiKey= 
2021-10-21 15:33:59,047 - INFO: Admin Request type = 61 ApiKey= 
2021-10-21 15:34:01,042 - INFO: Admin Request type = 61 ApiKey= 
2021-10-21 15:34:03,039 - INFO: Admin Request type = 61 ApiKey= 
2021-10-21 15:34:05,047 - INFO: Admin Request type = 61 ApiKey= 
2021-10-21 15:34:07,038 - INFO: Admin Request type = 61 ApiKey= 
2021-10-21 15:34:09,043 - INFO: Admin Request type = 61 ApiKey= 
2021-10-21 15:34:11,038 - INFO: Admin Request type = 61 ApiKey= 
2021-10-21 15:34:13,041 - INFO: Admin Request type = 61 ApiKey= 
2021-10-21 15:34:15,042 - INFO: Admin Request type = 61 ApiKey= 
2021-10-21 15:34:17,053 - INFO: Admin Request type = 61 ApiKey= 
2021-10-21 15:34:19,063 - INFO: Admin Request type = 61 ApiKey= 
2021-10-21 15:34:21,043 - INFO: Admin Request type = 61 ApiKey= 
2021-10-21 15:34:23,050 - INFO: Admin Request type = 61 ApiKey= 
2021-10-21 15:34:25,041 - INFO: Admin Request type = 61 ApiKey= 
2021-10-21 15:34:27,047 - INFO: Admin Request type = 61 ApiKey= 
2021-10-21 15:34:30,039 - INFO: Admin Request type = 61 ApiKey= 
2021-10-21 15:34:40,124 - WARNING: closing unknown idle session /0:0:0:0:0:0:0:1:53543
2021-10-21 15:34:59,701 - INFO: Shutting down
2021-10-21 15:34:59,701 - INFO: Shutting down
2021-10-21 15:35:44,532 - WARNING: Error in loading license from server java.lang.Exception: no license key in AppConfig.json
2021-10-21 15:35:44,539 - WARNING: Running with 100 CCU limit
2021-10-21 15:35:46,078 - INFO: TCP server started
2021-10-21 15:35:46,159 - INFO: UDPServer started
2021-10-21 15:35:46,201 - INFO: started FlashPolicyServer
2021-10-21 15:35:46,204 - INFO: SQLSyntaxErrorException as HSQLServiceTable already exists
2021-10-21 15:35:46,205 - INFO: SQLSyntaxErrorException as HSQLMeteringTable already exists
2021-10-21 15:35:46,205 - INFO: SQLSyntaxErrorException as HSQLRoomTable already exists
2021-10-21 15:36:24,346 - INFO: sending websocket handshake response
2021-10-21 15:36:25,372 - INFO: Admin Request type = 60 ApiKey= 
2021-10-21 15:36:25,422 - INFO: sending websocket handshake response
2021-10-21 15:36:28,097 - INFO: Admin Request type = 61 ApiKey= 
2021-10-21 15:36:30,060 - INFO: Admin Request type = 61 ApiKey= 
2021-10-21 15:36:32,040 - INFO: Admin Request type = 61 ApiKey= 
2021-10-21 15:36:34,044 - INFO: Admin Request type = 61 ApiKey= 
2021-10-21 15:36:36,053 - INFO: Admin Request type = 61 ApiKey= 
2021-10-21 15:36:38,045 - INFO: Admin Request type = 61 ApiKey= 
2021-10-21 15:36:40,051 - INFO: Admin Request type = 61 ApiKey= 
2021-10-21 15:36:42,053 - INFO: Admin Request type = 61 ApiKey= 
2021-10-21 15:36:44,047 - INFO: Admin Request type = 61 ApiKey= 
2021-10-21 15:36:46,047 - INFO: Admin Request type = 61 ApiKey= 
2021-10-21 15:36:48,047 - INFO: Admin Request type = 61 ApiKey= 
2021-10-21 15:36:50,043 - INFO: Admin Request type = 61 ApiKey= 
2021-10-21 15:36:52,053 - INFO: Admin Request type = 61 ApiKey= 
2021-10-21 15:36:54,055 - INFO: Admin Request type = 61 ApiKey= 
2021-10-21 15:36:56,049 - INFO: Admin Request type = 61 ApiKey= 
2021-10-21 15:36:57,444 - INFO: Admin Request type = 61 ApiKey= 
2021-10-21 15:36:59,437 - INFO: Admin Request type = 61 ApiKey= 
2021-10-21 15:37:02,048 - INFO: Admin Request type = 61 ApiKey= 
2021-10-21 15:37:04,045 - INFO: Admin Request type = 61 ApiKey= 
2021-10-21 15:37:06,056 - INFO: Admin Request type = 61 ApiKey= 
2021-10-21 15:37:08,053 - INFO: Admin Request type = 61 ApiKey= 
2021-10-21 15:37:10,049 - INFO: Admin Request type = 61 ApiKey= 
2021-10-21 15:37:12,046 - INFO: Admin Request type = 61 ApiKey= 
2021-10-21 15:37:14,056 - INFO: Admin Request type = 61 ApiKey= 
2021-10-21 15:37:16,047 - INFO: Admin Request type = 61 ApiKey= 
2021-10-21 15:37:18,058 - INFO: Admin Request type = 61 ApiKey= 
2021-10-21 15:37:20,054 - INFO: Admin Request type = 61 ApiKey= 
2021-10-21 15:37:22,039 - INFO: Admin Request type = 61 ApiKey= 
2021-10-21 15:37:24,054 - INFO: Admin Request type = 61 ApiKey= 
2021-10-21 15:37:25,954 - INFO: Admin Request type = 61 ApiKey= 
2021-10-21 15:37:27,430 - INFO: Admin Request type = 61 ApiKey= 
2021-10-21 15:37:29,437 - INFO: Admin Request type = 61 ApiKey= 
2021-10-21 15:37:29,978 - INFO: sending websocket handshake response
2021-10-21 15:37:29,985 - INFO: Admin Request type = 59 ApiKey= 
2021-10-21 15:37:31,432 - INFO: Admin Request type = 61 ApiKey= 
2021-10-21 15:37:33,437 - INFO: Admin Request type = 61 ApiKey= 
2021-10-21 15:37:35,438 - INFO: Admin Request type = 61 ApiKey= 
2021-10-21 15:37:37,447 - INFO: Admin Request type = 61 ApiKey= 
2021-10-21 15:37:38,743 - INFO: sending websocket handshake response
2021-10-21 15:37:38,750 - INFO: Admin Request type = 16 ApiKey= 95e3d2ad-f655-4028-b
2021-10-21 15:37:38,760 - ERROR: Error in removeAllRoomsFromHSQLDB java.sql.SQLSyntaxErrorException: parameter marker not allowed
2021-10-21 15:37:38,768 - INFO: sending websocket handshake response
2021-10-21 15:37:38,775 - INFO: Admin Request type = 59 ApiKey= 
2021-10-21 15:37:39,438 - INFO: Admin Request type = 61 ApiKey= 
2021-10-21 15:37:41,325 - INFO: sending websocket handshake response
2021-10-21 15:37:41,331 - INFO: Admin Request type = 59 ApiKey= 
2021-10-21 15:37:41,435 - INFO: Admin Request type = 61 ApiKey= 
2021-10-21 15:37:44,049 - INFO: Admin Request type = 61 ApiKey= 
2021-10-21 15:37:46,046 - INFO: Admin Request type = 61 ApiKey= 
2021-10-21 15:37:48,045 - INFO: Admin Request type = 61 ApiKey= 
2021-10-21 15:37:50,052 - INFO: Admin Request type = 61 ApiKey= 
2021-10-21 15:37:52,051 - INFO: Admin Request type = 61 ApiKey= 
2021-10-21 15:37:54,052 - INFO: Admin Request type = 61 ApiKey= 
2021-10-21 15:37:56,058 - INFO: Admin Request type = 61 ApiKey= 
2021-10-21 15:37:58,051 - INFO: Admin Request type = 61 ApiKey= 
2021-10-21 15:38:00,043 - INFO: Admin Request type = 61 ApiKey= 
2021-10-21 15:38:02,055 - INFO: Admin Request type = 61 ApiKey= 
2021-10-21 15:38:04,049 - INFO: Admin Request type = 61 ApiKey= 
2021-10-21 15:38:06,055 - INFO: Admin Request type = 61 ApiKey= 
2021-10-21 15:38:08,044 - INFO: Admin Request type = 61 ApiKey= 
2021-10-21 15:38:10,059 - INFO: Admin Request type = 61 ApiKey= 
2021-10-21 15:38:12,051 - INFO: Admin Request type = 61 ApiKey= 
2021-10-21 15:38:14,057 - INFO: Admin Request type = 61 ApiKey= 
2021-10-21 15:38:16,056 - INFO: Admin Request type = 61 ApiKey= 
2021-10-21 15:38:18,051 - INFO: Admin Request type = 61 ApiKey= 
2021-10-21 15:38:20,053 - INFO: Admin Request type = 61 ApiKey= 
2021-10-21 15:38:22,047 - INFO: Admin Request type = 61 ApiKey= 
2021-10-21 15:38:24,053 - INFO: Admin Request type = 61 ApiKey= 
2021-10-21 15:38:26,054 - INFO: Admin Request type = 61 ApiKey= 
2021-10-21 15:38:28,053 - INFO: Admin Request type = 61 ApiKey= 
2021-10-21 15:38:30,051 - INFO: Admin Request type = 61 ApiKey= 
2021-10-21 15:38:32,041 - INFO: Admin Request type = 61 ApiKey= 
2021-10-21 15:38:34,056 - INFO: Admin Request type = 61 ApiKey= 
2021-10-21 15:38:36,042 - INFO: Admin Request type = 61 ApiKey= 
2021-10-21 15:38:38,056 - INFO: Admin Request type = 61 ApiKey= 
2021-10-21 15:38:40,049 - INFO: Admin Request type = 61 ApiKey= 
2021-10-21 15:38:42,039 - INFO: Admin Request type = 61 ApiKey= 
2021-10-21 15:38:44,039 - INFO: Admin Request type = 61 ApiKey= 
2021-10-21 15:38:46,053 - INFO: Admin Request type = 61 ApiKey= 
2021-10-21 15:38:48,049 - INFO: Admin Request type = 61 ApiKey= 
2021-10-21 15:38:50,053 - INFO: Admin Request type = 61 ApiKey= 
2021-10-21 15:38:52,051 - INFO: Admin Request type = 61 ApiKey= 
2021-10-21 15:38:54,037 - INFO: Admin Request type = 61 ApiKey= 
2021-10-21 15:38:56,043 - INFO: Admin Request type = 61 ApiKey= 
2021-10-21 15:38:58,052 - INFO: Admin Request type = 61 ApiKey= 
2021-10-21 15:39:00,042 - INFO: Admin Request type = 61 ApiKey= 
2021-10-21 15:39:02,051 - INFO: Admin Request type = 61 ApiKey= 
2021-10-21 15:39:04,051 - INFO: Admin Request type = 61 ApiKey= 
2021-10-21 15:39:06,041 - INFO: Admin Request type = 61 ApiKey= 
2021-10-21 15:39:08,054 - INFO: Admin Request type = 61 ApiKey= 
2021-10-21 15:39:10,052 - INFO: Admin Request type = 61 ApiKey= 
2021-10-21 15:39:12,038 - INFO: Admin Request type = 61 ApiKey= 
2021-10-21 15:39:14,043 - INFO: Admin Request type = 61 ApiKey= 
2021-10-21 15:39:16,057 - INFO: Admin Request type = 61 ApiKey= 
2021-10-21 15:39:18,051 - INFO: Admin Request type = 61 ApiKey= 
2021-10-21 15:39:20,041 - INFO: Admin Request type = 61 ApiKey= 
2021-10-21 15:39:22,049 - INFO: Admin Request type = 61 ApiKey= 
2021-10-21 15:39:24,044 - INFO: Admin Request type = 61 ApiKey= 
2021-10-21 15:39:26,042 - INFO: Admin Request type = 61 ApiKey= 
2021-10-21 15:39:28,049 - INFO: Admin Request type = 61 ApiKey= 
2021-10-21 15:39:30,050 - INFO: Admin Request type = 61 ApiKey= 
2021-10-21 15:39:32,044 - INFO: Admin Request type = 61 ApiKey= 
2021-10-21 15:39:34,055 - INFO: Admin Request type = 61 ApiKey= 
2021-10-21 15:39:36,049 - INFO: Admin Request type = 61 ApiKey= 
2021-10-21 15:39:38,039 - INFO: Admin Request type = 61 ApiKey= 
2021-10-21 15:39:40,050 - INFO: Admin Request type = 61 ApiKey= 
2021-10-21 15:39:42,042 - INFO: Admin Request type = 61 ApiKey= 
2021-10-21 15:39:44,042 - INFO: Admin Request type = 61 ApiKey= 
2021-10-21 15:39:46,047 - INFO: Admin Request type = 61 ApiKey= 
2021-10-21 15:39:48,043 - INFO: Admin Request type = 61 ApiKey= 
2021-10-21 15:39:50,050 - INFO: Admin Request type = 61 ApiKey= 
2021-10-21 15:39:52,042 - INFO: Admin Request type = 61 ApiKey= 
2021-10-21 15:39:54,042 - INFO: Admin Request type = 61 ApiKey= 
2021-10-21 15:39:56,046 - INFO: Admin Request type = 61 ApiKey= 
2021-10-21 15:39:58,050 - INFO: Admin Request type = 61 ApiKey= 
2021-10-21 15:40:00,044 - INFO: Admin Request type = 61 ApiKey= 
2021-10-21 15:40:02,044 - INFO: Admin Request type = 61 ApiKey= 
2021-10-21 15:40:04,044 - INFO: Admin Request type = 61 ApiKey= 
2021-10-21 15:40:06,041 - INFO: Admin Request type = 61 ApiKey= 
2021-10-21 15:40:08,052 - INFO: Admin Request type = 61 ApiKey= 
2021-10-21 15:40:10,039 - INFO: Admin Request type = 61 ApiKey= 
2021-10-21 15:40:12,045 - INFO: Admin Request type = 61 ApiKey= 
2021-10-21 15:40:14,039 - INFO: Admin Request type = 61 ApiKey= 
2021-10-21 15:40:16,050 - INFO: Admin Request type = 61 ApiKey= 
2021-10-21 15:40:18,045 - INFO: Admin Request type = 61 ApiKey= 
2021-10-21 15:40:20,045 - INFO: Admin Request type = 61 ApiKey= 
2021-10-21 15:40:22,043 - INFO: Admin Request type = 61 ApiKey= 
2021-10-21 15:40:24,047 - INFO: Admin Request type = 61 ApiKey= 
2021-10-21 15:40:26,042 - INFO: Admin Request type = 61 ApiKey= 
2021-10-21 15:40:28,048 - INFO: Admin Request type = 61 ApiKey= 
2021-10-21 15:40:30,050 - INFO: Admin Request type = 61 ApiKey= 
2021-10-21 15:40:32,049 - INFO: Admin Request type = 61 ApiKey= 
2021-10-21 15:40:34,050 - INFO: Admin Request type = 61 ApiKey= 
2021-10-21 15:40:36,043 - INFO: Admin Request type = 61 ApiKey= 
2021-10-21 15:40:38,053 - INFO: Admin Request type = 61 ApiKey= 
2021-10-21 15:40:40,050 - INFO: Admin Request type = 61 ApiKey= 
2021-10-21 15:40:42,050 - INFO: Admin Request type = 61 ApiKey= 
2021-10-21 15:40:44,045 - INFO: Admin Request type = 61 ApiKey= 
2021-10-21 15:40:46,050 - INFO: Admin Request type = 61 ApiKey= 
2021-10-21 15:40:48,041 - INFO: Admin Request type = 61 ApiKey= 
2021-10-21 15:40:50,049 - INFO: Admin Request type = 61 ApiKey= 
2021-10-21 15:40:52,051 - INFO: Admin Request type = 61 ApiKey= 
2021-10-21 15:40:54,051 - INFO: Admin Request type = 61 ApiKey= 
2021-10-21 15:40:56,044 - INFO: Admin Request type = 61 ApiKey= 
2021-10-21 15:40:58,052 - INFO: Admin Request type = 61 ApiKey= 
2021-10-21 15:41:00,040 - INFO: Admin Request type = 61 ApiKey= 
2021-10-21 15:41:02,047 - INFO: Admin Request type = 61 ApiKey= 
2021-10-21 15:41:04,041 - INFO: Admin Request type = 61 ApiKey= 
2021-10-21 15:41:06,044 - INFO: Admin Request type = 61 ApiKey= 
2021-10-21 15:41:08,042 - INFO: Admin Request type = 61 ApiKey= 
2021-10-21 15:41:10,037 - INFO: Admin Request type = 61 ApiKey= 
2021-10-21 15:41:12,046 - INFO: Admin Request type = 61 ApiKey= 
2021-10-21 15:41:14,039 - INFO: Admin Request type = 61 ApiKey= 
2021-10-21 15:41:16,040 - INFO: Admin Request type = 61 ApiKey= 
2021-10-21 15:41:18,044 - INFO: Admin Request type = 61 ApiKey= 
2021-10-21 15:41:20,041 - INFO: Admin Request type = 61 ApiKey= 
2021-10-21 15:41:22,048 - INFO: Admin Request type = 61 ApiKey= 
2021-10-21 15:41:24,038 - INFO: Admin Request type = 61 ApiKey= 
2021-10-21 15:41:26,041 - INFO: Admin Request type = 61 ApiKey= 
2021-10-21 15:41:28,051 - INFO: Admin Request type = 61 ApiKey= 
2021-10-21 15:41:30,043 - INFO: Admin Request type = 61 ApiKey= 
2021-10-21 15:41:32,047 - INFO: Admin Request type = 61 ApiKey= 
2021-10-21 15:41:34,047 - INFO: Admin Request type = 61 ApiKey= 
2021-10-21 15:41:36,047 - INFO: Admin Request type = 61 ApiKey= 
2021-10-21 15:41:38,039 - INFO: Admin Request type = 61 ApiKey= 
2021-10-21 15:41:40,039 - INFO: Admin Request type = 61 ApiKey= 
2021-10-21 15:41:42,059 - INFO: Admin Request type = 61 ApiKey= 
2021-10-21 15:41:44,067 - INFO: Admin Request type = 61 ApiKey= 
2021-10-21 15:41:46,048 - INFO: Admin Request type = 61 ApiKey= 
2021-10-21 15:41:48,049 - INFO: Admin Request type = 61 ApiKey= 
2021-10-21 15:41:50,051 - INFO: Admin Request type = 61 ApiKey= 
2021-10-21 15:41:52,049 - INFO: Admin Request type = 61 ApiKey= 
2021-10-21 15:41:54,039 - INFO: Admin Request type = 61 ApiKey= 
2021-10-21 15:41:56,055 - INFO: Admin Request type = 61 ApiKey= 
2021-10-21 15:41:58,045 - INFO: Admin Request type = 61 ApiKey= 
2021-10-21 15:42:00,045 - INFO: Admin Request type = 61 ApiKey= 
2021-10-21 15:42:02,061 - INFO: Admin Request type = 61 ApiKey= 
2021-10-21 15:42:04,041 - INFO: Admin Request type = 61 ApiKey= 
2021-10-21 15:42:06,047 - INFO: Admin Request type = 61 ApiKey= 
2021-10-21 15:42:08,053 - INFO: Admin Request type = 61 ApiKey= 
2021-10-21 15:42:10,047 - INFO: Admin Request type = 61 ApiKey= 
2021-10-21 15:42:12,051 - INFO: Admin Request type = 61 ApiKey= 
2021-10-21 15:42:14,059 - INFO: Admin Request type = 61 ApiKey= 
2021-10-21 15:42:16,045 - INFO: Admin Request type = 61 ApiKey= 
2021-10-21 15:42:18,046 - INFO: Admin Request type = 61 ApiKey= 
2021-10-21 15:42:20,056 - INFO: Admin Request type = 61 ApiKey= 
2021-10-21 15:42:22,054 - INFO: Admin Request type = 61 ApiKey= 
2021-10-21 15:42:24,047 - INFO: Admin Request type = 61 ApiKey= 
2021-10-21 15:42:26,047 - INFO: Admin Request type = 61 ApiKey= 
2021-10-21 15:42:28,048 - INFO: Admin Request type = 61 ApiKey= 
2021-10-21 15:42:30,041 - INFO: Admin Request type = 61 ApiKey= 
2021-10-21 15:42:32,047 - INFO: Admin Request type = 61 ApiKey= 
2021-10-21 15:42:34,041 - INFO: Admin Request type = 61 ApiKey= 
2021-10-21 15:42:36,050 - INFO: Admin Request type = 61 ApiKey= 
2021-10-21 15:42:38,053 - INFO: Admin Request type = 61 ApiKey= 
2021-10-21 15:42:40,049 - INFO: Admin Request type = 61 ApiKey= 
2021-10-21 15:42:42,046 - INFO: Admin Request type = 61 ApiKey= 
2021-10-21 15:42:52,137 - WARNING: closing unknown idle session /0:0:0:0:0:0:0:1:50065
2021-10-21 15:44:28,852 - INFO: sending websocket handshake response
2021-10-21 15:44:28,859 - INFO: Admin Request type = 15 ApiKey= 
2021-10-21 15:44:28,870 - INFO: sending websocket handshake response
2021-10-21 15:44:28,875 - INFO: Admin Request type = 59 ApiKey= 
2021-10-21 15:56:36,826 - INFO: Shutting down
2021-10-21 15:56:36,826 - INFO: Shutting down
2021-10-21 15:56:45,321 - WARNING: Error in loading license from server java.lang.Exception: no license key in AppConfig.json
2021-10-21 15:56:45,333 - WARNING: Running with 100 CCU limit
2021-10-21 15:56:46,901 - INFO: TCP server started
2021-10-21 15:56:46,981 - INFO: UDPServer started
2021-10-21 15:56:47,008 - INFO: started FlashPolicyServer
2021-10-21 15:56:47,012 - INFO: SQLSyntaxErrorException as HSQLServiceTable already exists
2021-10-21 15:56:47,012 - INFO: SQLSyntaxErrorException as HSQLMeteringTable already exists
2021-10-21 15:56:47,013 - INFO: SQLSyntaxErrorException as HSQLRoomTable already exists
2021-10-21 15:56:56,393 - INFO: handleAuthRequest Payload received {"timeStamp":"1634812016377","recoverytime":0,"apiKey":"897b0193-4ee4-4963-8","authData":"","keepalive":6,"version":"Java_1.5","user":"12345"}
2021-10-21 15:56:56,399 - INFO: Successfully opened a new session
2021-10-21 15:57:41,525 - INFO: sending websocket handshake response
2021-10-21 15:57:42,525 - INFO: Admin Request type = 59 ApiKey= 
2021-10-21 15:57:46,832 - INFO: sending websocket handshake response
2021-10-21 15:57:48,845 - INFO: Admin Request type = 61 ApiKey= 
2021-10-21 15:57:50,849 - INFO: Admin Request type = 61 ApiKey= 
2021-10-21 15:57:52,842 - INFO: Admin Request type = 61 ApiKey= 
2021-10-21 15:57:54,843 - INFO: Admin Request type = 61 ApiKey= 
2021-10-21 15:57:56,857 - INFO: Admin Request type = 61 ApiKey= 
2021-10-21 15:57:58,843 - INFO: Admin Request type = 61 ApiKey= 
2021-10-21 15:58:00,850 - INFO: Admin Request type = 61 ApiKey= 
2021-10-21 15:58:02,854 - INFO: Admin Request type = 61 ApiKey= 
2021-10-21 15:58:04,848 - INFO: Admin Request type = 61 ApiKey= 
2021-10-21 15:58:06,848 - INFO: Admin Request type = 61 ApiKey= 
2021-10-21 15:58:08,844 - INFO: Admin Request type = 61 ApiKey= 
2021-10-21 15:58:10,856 - INFO: Admin Request type = 61 ApiKey= 
2021-10-21 15:58:12,846 - INFO: Admin Request type = 61 ApiKey= 
2021-10-21 15:58:14,843 - INFO: Admin Request type = 61 ApiKey= 
2021-10-21 15:58:16,849 - INFO: Admin Request type = 61 ApiKey= 
2021-10-21 15:58:18,845 - INFO: Admin Request type = 61 ApiKey= 
2021-10-21 15:58:20,841 - INFO: Admin Request type = 61 ApiKey= 
2021-10-21 15:58:22,849 - INFO: Admin Request type = 61 ApiKey= 
2021-10-21 15:58:24,857 - INFO: Admin Request type = 61 ApiKey= 
2021-10-21 15:58:26,846 - INFO: Admin Request type = 61 ApiKey= 
2021-10-21 15:58:28,858 - INFO: Admin Request type = 61 ApiKey= 
2021-10-21 15:58:30,849 - INFO: Admin Request type = 61 ApiKey= 
2021-10-21 15:58:32,842 - INFO: Admin Request type = 61 ApiKey= 
2021-10-21 15:58:34,849 - INFO: Admin Request type = 61 ApiKey= 
2021-10-21 15:58:37,053 - INFO: Admin Request type = 61 ApiKey= 
2021-10-21 15:58:38,851 - INFO: Admin Request type = 61 ApiKey= 
2021-10-21 15:58:40,853 - INFO: Admin Request type = 61 ApiKey= 
2021-10-21 15:58:43,061 - INFO: Admin Request type = 61 ApiKey= 
2021-10-21 15:58:45,049 - INFO: Admin Request type = 61 ApiKey= 
2021-10-21 15:58:47,056 - INFO: Admin Request type = 61 ApiKey= 
2021-10-21 15:58:49,048 - INFO: Admin Request type = 61 ApiKey= 
2021-10-21 15:58:51,048 - INFO: Admin Request type = 61 ApiKey= 
2021-10-21 15:58:53,048 - INFO: Admin Request type = 61 ApiKey= 
2021-10-21 15:58:55,046 - INFO: Admin Request type = 61 ApiKey= 
2021-10-21 15:58:57,058 - INFO: Admin Request type = 61 ApiKey= 
2021-10-21 15:58:59,049 - INFO: Admin Request type = 61 ApiKey= 
2021-10-21 15:59:01,058 - INFO: Admin Request type = 61 ApiKey= 
2021-10-21 15:59:03,058 - INFO: Admin Request type = 61 ApiKey= 
2021-10-21 15:59:05,046 - INFO: Admin Request type = 61 ApiKey= 
2021-10-21 15:59:07,049 - INFO: Admin Request type = 61 ApiKey= 
2021-10-21 15:59:09,048 - INFO: Admin Request type = 61 ApiKey= 
2021-10-21 15:59:11,040 - INFO: Admin Request type = 61 ApiKey= 
2021-10-21 15:59:13,044 - INFO: Admin Request type = 61 ApiKey= 
2021-10-21 15:59:15,039 - INFO: Admin Request type = 61 ApiKey= 
2021-10-21 15:59:17,048 - INFO: Admin Request type = 61 ApiKey= 
2021-10-21 15:59:19,058 - INFO: Admin Request type = 61 ApiKey= 
2021-10-21 15:59:21,040 - INFO: Admin Request type = 61 ApiKey= 
2021-10-21 15:59:23,050 - INFO: Admin Request type = 61 ApiKey= 
2021-10-21 15:59:25,049 - INFO: Admin Request type = 61 ApiKey= 
2021-10-21 15:59:27,047 - INFO: Admin Request type = 61 ApiKey= 
2021-10-21 15:59:29,043 - INFO: Admin Request type = 61 ApiKey= 
2021-10-21 15:59:31,039 - INFO: Admin Request type = 61 ApiKey= 
2021-10-21 15:59:33,049 - INFO: Admin Request type = 61 ApiKey= 
2021-10-21 15:59:35,049 - INFO: Admin Request type = 61 ApiKey= 
2021-10-21 15:59:37,057 - INFO: Admin Request type = 61 ApiKey= 
2021-10-21 15:59:39,054 - INFO: Admin Request type = 61 ApiKey= 
2021-10-21 15:59:41,051 - INFO: Admin Request type = 61 ApiKey= 
2021-10-21 15:59:43,040 - INFO: Admin Request type = 61 ApiKey= 
2021-10-21 15:59:45,049 - INFO: Admin Request type = 61 ApiKey= 
2021-10-21 15:59:47,048 - INFO: Admin Request type = 61 ApiKey= 
2021-10-21 15:59:49,048 - INFO: Admin Request type = 61 ApiKey= 
2021-10-21 15:59:51,049 - INFO: Admin Request type = 61 ApiKey= 
2021-10-21 15:59:53,062 - INFO: Admin Request type = 61 ApiKey= 
2021-10-21 15:59:55,049 - INFO: Admin Request type = 61 ApiKey= 
2021-10-21 15:59:57,049 - INFO: Admin Request type = 61 ApiKey= 
2021-10-21 15:59:59,050 - INFO: Admin Request type = 61 ApiKey= 
2021-10-21 16:00:01,049 - INFO: Admin Request type = 61 ApiKey= 
2021-10-21 16:00:03,049 - INFO: Admin Request type = 61 ApiKey= 
2021-10-21 16:00:05,059 - INFO: Admin Request type = 61 ApiKey= 
2021-10-21 16:00:07,039 - INFO: Admin Request type = 61 ApiKey= 
2021-10-21 16:00:09,049 - INFO: Admin Request type = 61 ApiKey= 
2021-10-21 16:00:11,045 - INFO: Admin Request type = 61 ApiKey= 
2021-10-21 16:00:13,040 - INFO: Admin Request type = 61 ApiKey= 
2021-10-21 16:00:15,057 - INFO: Admin Request type = 61 ApiKey= 
2021-10-21 16:00:17,039 - INFO: Admin Request type = 61 ApiKey= 
2021-10-21 16:00:19,050 - INFO: Admin Request type = 61 ApiKey= 
2021-10-21 16:00:21,050 - INFO: Admin Request type = 61 ApiKey= 
2021-10-21 16:00:23,055 - INFO: Admin Request type = 61 ApiKey= 
2021-10-21 16:00:25,050 - INFO: Admin Request type = 61 ApiKey= 
2021-10-21 16:00:27,049 - INFO: Admin Request type = 61 ApiKey= 
2021-10-21 16:00:29,040 - INFO: Admin Request type = 61 ApiKey= 
2021-10-21 16:00:31,050 - INFO: Admin Request type = 61 ApiKey= 
2021-10-21 16:00:33,050 - INFO: Admin Request type = 61 ApiKey= 
2021-10-21 16:00:35,040 - INFO: Admin Request type = 61 ApiKey= 
2021-10-21 16:00:37,043 - INFO: Admin Request type = 61 ApiKey= 
2021-10-21 16:00:39,039 - INFO: Admin Request type = 61 ApiKey= 
2021-10-21 16:00:41,040 - INFO: Admin Request type = 61 ApiKey= 
2021-10-21 16:00:43,039 - INFO: Admin Request type = 61 ApiKey= 
2021-10-21 16:00:45,059 - INFO: Admin Request type = 61 ApiKey= 
2021-10-21 16:00:47,049 - INFO: Admin Request type = 61 ApiKey= 
2021-10-21 16:00:49,049 - INFO: Admin Request type = 61 ApiKey= 
2021-10-21 16:00:51,049 - INFO: Admin Request type = 61 ApiKey= 
2021-10-21 16:00:53,039 - INFO: Admin Request type = 61 ApiKey= 
2021-10-21 16:00:55,040 - INFO: Admin Request type = 61 ApiKey= 
2021-10-21 16:00:57,040 - INFO: Admin Request type = 61 ApiKey= 
2021-10-21 16:00:59,043 - INFO: Admin Request type = 61 ApiKey= 
2021-10-21 16:01:01,039 - INFO: Admin Request type = 61 ApiKey= 
2021-10-21 16:01:03,040 - INFO: Admin Request type = 61 ApiKey= 
2021-10-21 16:01:05,062 - INFO: Admin Request type = 61 ApiKey= 
2021-10-21 16:01:07,048 - INFO: Admin Request type = 61 ApiKey= 
2021-10-21 16:01:09,040 - INFO: Admin Request type = 61 ApiKey= 
2021-10-21 16:01:11,051 - INFO: Admin Request type = 61 ApiKey= 
2021-10-21 16:01:13,050 - INFO: Admin Request type = 61 ApiKey= 
2021-10-21 16:01:15,051 - INFO: Admin Request type = 61 ApiKey= 
2021-10-21 16:01:17,050 - INFO: Admin Request type = 61 ApiKey= 
2021-10-21 16:01:19,041 - INFO: Admin Request type = 61 ApiKey= 
2021-10-21 16:01:21,038 - INFO: Admin Request type = 61 ApiKey= 
2021-10-21 16:01:23,049 - INFO: Admin Request type = 61 ApiKey= 
2021-10-21 16:01:25,040 - INFO: Admin Request type = 61 ApiKey= 
2021-10-21 16:01:27,037 - INFO: Admin Request type = 61 ApiKey= 
2021-10-21 16:01:29,044 - INFO: Admin Request type = 61 ApiKey= 
2021-10-21 16:01:31,048 - INFO: Admin Request type = 61 ApiKey= 
2021-10-21 16:01:33,553 - INFO: Admin Request type = 61 ApiKey= 
2021-10-21 16:01:35,043 - INFO: Admin Request type = 61 ApiKey= 
2021-10-21 16:01:37,041 - INFO: Admin Request type = 61 ApiKey= 
2021-10-21 16:01:39,045 - INFO: Admin Request type = 61 ApiKey= 
2021-10-21 16:01:41,044 - INFO: Admin Request type = 61 ApiKey= 
2021-10-21 16:01:43,053 - INFO: Admin Request type = 61 ApiKey= 
2021-10-21 16:01:45,049 - INFO: Admin Request type = 61 ApiKey= 
2021-10-21 16:01:47,039 - INFO: Admin Request type = 61 ApiKey= 
2021-10-21 16:01:49,039 - INFO: Admin Request type = 61 ApiKey= 
2021-10-21 16:01:51,061 - INFO: Admin Request type = 61 ApiKey= 
2021-10-21 16:01:53,040 - INFO: Admin Request type = 61 ApiKey= 
2021-10-21 16:01:55,046 - INFO: Admin Request type = 61 ApiKey= 
2021-10-21 16:01:57,050 - INFO: Admin Request type = 61 ApiKey= 
2021-10-21 16:01:59,052 - INFO: Admin Request type = 61 ApiKey= 
2021-10-21 16:02:01,042 - INFO: Admin Request type = 61 ApiKey= 
2021-10-21 16:02:03,042 - INFO: Admin Request type = 61 ApiKey= 
2021-10-21 16:02:05,052 - INFO: Admin Request type = 61 ApiKey= 
2021-10-21 16:02:07,042 - INFO: Admin Request type = 61 ApiKey= 
2021-10-21 16:02:09,049 - INFO: Admin Request type = 61 ApiKey= 
2021-10-21 16:02:11,040 - INFO: Admin Request type = 61 ApiKey= 
2021-10-21 16:02:13,041 - INFO: Admin Request type = 61 ApiKey= 
2021-10-21 16:02:15,051 - INFO: Admin Request type = 61 ApiKey= 
2021-10-21 16:02:17,039 - INFO: Admin Request type = 61 ApiKey= 
2021-10-21 16:02:19,040 - INFO: Admin Request type = 61 ApiKey= 
2021-10-21 16:02:21,050 - INFO: Admin Request type = 61 ApiKey= 
2021-10-21 16:02:23,052 - INFO: Admin Request type = 61 ApiKey= 
2021-10-21 16:02:25,044 - INFO: Admin Request type = 61 ApiKey= 
2021-10-21 16:02:27,041 - INFO: Admin Request type = 61 ApiKey= 
2021-10-21 16:02:29,040 - INFO: Admin Request type = 61 ApiKey= 
2021-10-21 16:02:31,037 - INFO: Admin Request type = 61 ApiKey= 
2021-10-21 16:02:33,040 - INFO: Admin Request type = 61 ApiKey= 
2021-10-21 16:02:35,041 - INFO: Admin Request type = 61 ApiKey= 
2021-10-21 16:02:37,038 - INFO: Admin Request type = 61 ApiKey= 
2021-10-21 16:02:39,042 - INFO: Admin Request type = 61 ApiKey= 
2021-10-21 16:02:41,047 - INFO: Admin Request type = 61 ApiKey= 
2021-10-21 16:02:43,046 - INFO: Admin Request type = 61 ApiKey= 
2021-10-21 16:02:45,047 - INFO: Admin Request type = 61 ApiKey= 
2021-10-21 16:02:47,043 - INFO: Admin Request type = 61 ApiKey= 
2021-10-21 16:02:49,040 - INFO: Admin Request type = 61 ApiKey= 
2021-10-21 16:02:51,039 - INFO: Admin Request type = 61 ApiKey= 
2021-10-21 16:02:53,041 - INFO: Admin Request type = 61 ApiKey= 
2021-10-21 16:02:55,063 - INFO: Admin Request type = 61 ApiKey= 
2021-10-21 16:02:57,040 - INFO: Admin Request type = 61 ApiKey= 
2021-10-21 16:02:59,038 - INFO: Admin Request type = 61 ApiKey= 
2021-10-21 16:03:01,049 - INFO: Admin Request type = 61 ApiKey= 
2021-10-21 16:03:03,044 - INFO: Admin Request type = 61 ApiKey= 
2021-10-21 16:03:05,038 - INFO: Admin Request type = 61 ApiKey= 
2021-10-21 16:03:07,051 - INFO: Admin Request type = 61 ApiKey= 
2021-10-21 16:03:09,040 - INFO: Admin Request type = 61 ApiKey= 
2021-10-21 16:03:11,041 - INFO: Admin Request type = 61 ApiKey= 
2021-10-21 16:03:13,049 - INFO: Admin Request type = 61 ApiKey= 
2021-10-21 16:03:15,042 - INFO: Admin Request type = 61 ApiKey= 
2021-10-21 16:03:17,045 - INFO: Admin Request type = 61 ApiKey= 
2021-10-21 16:03:19,051 - INFO: Admin Request type = 61 ApiKey= 
2021-10-21 16:03:21,043 - INFO: Admin Request type = 61 ApiKey= 
2021-10-21 16:03:23,040 - INFO: Admin Request type = 61 ApiKey= 
2021-10-21 16:03:25,041 - INFO: Admin Request type = 61 ApiKey= 
2021-10-21 16:03:27,041 - INFO: Admin Request type = 61 ApiKey= 
2021-10-21 16:03:29,041 - INFO: Admin Request type = 61 ApiKey= 
2021-10-21 16:03:31,042 - INFO: Admin Request type = 61 ApiKey= 
2021-10-21 16:03:33,041 - INFO: Admin Request type = 61 ApiKey= 
2021-10-21 16:03:35,042 - INFO: Admin Request type = 61 ApiKey= 
2021-10-21 16:03:37,052 - INFO: Admin Request type = 61 ApiKey= 
2021-10-21 16:03:39,043 - INFO: Admin Request type = 61 ApiKey= 
2021-10-21 16:03:41,052 - INFO: Admin Request type = 61 ApiKey= 
2021-10-21 16:03:43,053 - INFO: Admin Request type = 61 ApiKey= 
2021-10-21 16:03:45,042 - INFO: Admin Request type = 61 ApiKey= 
2021-10-21 16:03:47,041 - INFO: Admin Request type = 61 ApiKey= 
2021-10-21 16:03:49,040 - INFO: Admin Request type = 61 ApiKey= 
2021-10-21 16:03:51,040 - INFO: Admin Request type = 61 ApiKey= 
2021-10-21 16:03:53,040 - INFO: Admin Request type = 61 ApiKey= 
2021-10-21 16:03:55,041 - INFO: Admin Request type = 61 ApiKey= 
2021-10-21 16:03:57,052 - INFO: Admin Request type = 61 ApiKey= 
2021-10-21 16:03:59,043 - INFO: Admin Request type = 61 ApiKey= 
2021-10-21 16:04:01,042 - INFO: Admin Request type = 61 ApiKey= 
2021-10-21 16:04:03,041 - INFO: Admin Request type = 61 ApiKey= 
2021-10-21 16:04:05,043 - INFO: Admin Request type = 61 ApiKey= 
2021-10-21 16:04:07,042 - INFO: Admin Request type = 61 ApiKey= 
2021-10-21 16:04:09,053 - INFO: Admin Request type = 61 ApiKey= 
2021-10-21 16:04:11,043 - INFO: Admin Request type = 61 ApiKey= 
2021-10-21 16:04:13,043 - INFO: Admin Request type = 61 ApiKey= 
2021-10-21 16:04:15,042 - INFO: Admin Request type = 61 ApiKey= 
2021-10-21 16:04:17,042 - INFO: Admin Request type = 61 ApiKey= 
2021-10-21 16:04:19,043 - INFO: Admin Request type = 61 ApiKey= 
2021-10-21 16:04:21,052 - INFO: Admin Request type = 61 ApiKey= 
2021-10-21 16:04:23,040 - INFO: Admin Request type = 61 ApiKey= 
2021-10-21 16:04:25,042 - INFO: Admin Request type = 61 ApiKey= 
2021-10-21 16:04:27,054 - INFO: Admin Request type = 61 ApiKey= 
2021-10-21 16:04:29,045 - INFO: Admin Request type = 61 ApiKey= 
2021-10-21 16:04:31,042 - INFO: Admin Request type = 61 ApiKey= 
2021-10-21 16:04:33,052 - INFO: Admin Request type = 61 ApiKey= 
2021-10-21 16:04:35,042 - INFO: Admin Request type = 61 ApiKey= 
2021-10-21 16:04:37,052 - INFO: Admin Request type = 61 ApiKey= 
2021-10-21 16:04:39,055 - INFO: Admin Request type = 61 ApiKey= 
2021-10-21 16:04:41,043 - INFO: Admin Request type = 61 ApiKey= 
2021-10-21 16:04:43,044 - INFO: Admin Request type = 61 ApiKey= 
2021-10-21 16:04:45,043 - INFO: Admin Request type = 61 ApiKey= 
2021-10-21 16:04:47,043 - INFO: Admin Request type = 61 ApiKey= 
2021-10-21 16:04:49,041 - INFO: Admin Request type = 61 ApiKey= 
2021-10-21 16:04:51,044 - INFO: Admin Request type = 61 ApiKey= 
2021-10-21 16:04:53,042 - INFO: Admin Request type = 61 ApiKey= 
2021-10-21 16:04:55,038 - INFO: Admin Request type = 61 ApiKey= 
2021-10-21 16:04:57,051 - INFO: Admin Request type = 61 ApiKey= 
2021-10-21 16:04:59,042 - INFO: Admin Request type = 61 ApiKey= 
2021-10-21 16:05:01,043 - INFO: Admin Request type = 61 ApiKey= 
2021-10-21 16:05:03,045 - INFO: Admin Request type = 61 ApiKey= 
2021-10-21 16:05:05,043 - INFO: Admin Request type = 61 ApiKey= 
2021-10-21 16:05:07,042 - INFO: Admin Request type = 61 ApiKey= 
2021-10-21 16:05:09,043 - INFO: Admin Request type = 61 ApiKey= 
2021-10-21 16:05:11,043 - INFO: Admin Request type = 61 ApiKey= 
2021-10-21 16:05:13,049 - INFO: Admin Request type = 61 ApiKey= 
2021-10-21 16:05:15,044 - INFO: Admin Request type = 61 ApiKey= 
2021-10-21 16:05:17,052 - INFO: Admin Request type = 61 ApiKey= 
2021-10-21 16:05:19,037 - INFO: Admin Request type = 61 ApiKey= 
2021-10-21 16:05:21,053 - INFO: Admin Request type = 61 ApiKey= 
2021-10-21 16:05:23,043 - INFO: Admin Request type = 61 ApiKey= 
2021-10-21 16:05:25,051 - INFO: Admin Request type = 61 ApiKey= 
2021-10-21 16:05:27,043 - INFO: Admin Request type = 61 ApiKey= 
2021-10-21 16:05:29,049 - INFO: Admin Request type = 61 ApiKey= 
2021-10-21 16:05:31,052 - INFO: Admin Request type = 61 ApiKey= 
2021-10-21 16:05:33,045 - INFO: Admin Request type = 61 ApiKey= 
2021-10-21 16:05:35,042 - INFO: Admin Request type = 61 ApiKey= 
2021-10-21 16:05:37,043 - INFO: Admin Request type = 61 ApiKey= 
2021-10-21 16:05:39,043 - INFO: Admin Request type = 61 ApiKey= 
2021-10-21 16:05:41,039 - INFO: Admin Request type = 61 ApiKey= 
2021-10-21 16:05:43,043 - INFO: Admin Request type = 61 ApiKey= 
2021-10-21 16:05:45,039 - INFO: Admin Request type = 61 ApiKey= 
2021-10-21 16:05:47,042 - INFO: Admin Request type = 61 ApiKey= 
2021-10-21 16:05:49,044 - INFO: Admin Request type = 61 ApiKey= 
2021-10-21 16:05:51,043 - INFO: Admin Request type = 61 ApiKey= 
2021-10-21 16:05:53,051 - INFO: Admin Request type = 61 ApiKey= 
2021-10-21 16:05:55,043 - INFO: Admin Request type = 61 ApiKey= 
2021-10-21 16:05:57,041 - INFO: Admin Request type = 61 ApiKey= 
2021-10-21 16:05:59,044 - INFO: Admin Request type = 61 ApiKey= 
2021-10-21 16:06:01,043 - INFO: Admin Request type = 61 ApiKey= 
2021-10-21 16:06:03,042 - INFO: Admin Request type = 61 ApiKey= 
2021-10-21 16:06:05,047 - INFO: Admin Request type = 61 ApiKey= 
2021-10-21 16:06:07,051 - INFO: Admin Request type = 61 ApiKey= 
2021-10-21 16:06:09,042 - INFO: Admin Request type = 61 ApiKey= 
2021-10-21 16:06:11,051 - INFO: Admin Request type = 61 ApiKey= 
2021-10-21 16:06:13,048 - INFO: Admin Request type = 61 ApiKey= 
2021-10-21 16:06:15,053 - INFO: Admin Request type = 61 ApiKey= 
2021-10-21 16:06:17,041 - INFO: Admin Request type = 61 ApiKey= 
2021-10-21 16:06:19,045 - INFO: Admin Request type = 61 ApiKey= 
2021-10-21 16:06:21,048 - INFO: Admin Request type = 61 ApiKey= 
2021-10-21 16:06:23,045 - INFO: Admin Request type = 61 ApiKey= 
2021-10-21 16:06:25,045 - INFO: Admin Request type = 61 ApiKey= 
2021-10-21 16:06:27,038 - INFO: Admin Request type = 61 ApiKey= 
2021-10-21 16:06:29,055 - INFO: Admin Request type = 61 ApiKey= 
2021-10-21 16:06:31,043 - INFO: Admin Request type = 61 ApiKey= 
2021-10-21 16:06:33,055 - INFO: Admin Request type = 61 ApiKey= 
2021-10-21 16:06:35,046 - INFO: Admin Request type = 61 ApiKey= 
2021-10-21 16:06:45,151 - WARNING: closing unknown idle session /0:0:0:0:0:0:0:1:61277
2021-10-21 16:09:01,670 - INFO: Received: 0 Sent: 0
2021-10-21 16:09:01,672 - INFO: billing AppKey 897b0193-4ee4-4963-8 for 0 messages
2021-10-21 16:10:47,795 - INFO: Shutting down
2021-10-21 16:10:47,796 - INFO: Shutting down
2021-10-21 16:10:56,406 - WARNING: Error in loading license from server java.lang.Exception: no license key in AppConfig.json
2021-10-21 16:10:56,418 - WARNING: Running with 100 CCU limit
2021-10-21 16:10:57,955 - INFO: TCP server started
2021-10-21 16:10:58,027 - INFO: UDPServer started
2021-10-21 16:10:58,068 - INFO: started FlashPolicyServer
2021-10-21 16:10:58,072 - INFO: SQLSyntaxErrorException as HSQLServiceTable already exists
2021-10-21 16:10:58,072 - INFO: SQLSyntaxErrorException as HSQLMeteringTable already exists
2021-10-21 16:10:58,073 - INFO: SQLSyntaxErrorException as HSQLRoomTable already exists
2021-10-21 16:11:06,947 - INFO: handleAuthRequest Payload received {"timeStamp":"1634812866931","recoverytime":0,"apiKey":"897b0193-4ee4-4963-8","authData":"","keepalive":6,"version":"Java_1.5","user":"12345"}
2021-10-21 16:11:06,950 - INFO: Successfully opened a new session
2021-10-21 16:11:43,951 - INFO: Received: 1 Sent: 1
2021-10-21 16:11:43,953 - INFO: billing AppKey 897b0193-4ee4-4963-8 for 2 messages
2021-10-21 16:11:58,445 - INFO: Shutting down
2021-10-21 16:11:58,445 - INFO: Shutting down
